Last Complete  |Cut Mode|  Elapsed: 00:07:55  Reps:  1  ConsoleMvSpeed 4  FileEndSpeed 1.59    12:23:02  06-25-2015
 File Completed:Yes Ln:2467 Max: 16.48, 11.38, 1.00  Min: 0.00, 0.00,- 0.73  Offset:no  Brks=1  TBCs: 5.000, .350, .000  Props: 1.000, 1.000, 1.000
Last Not Complete Stopped@Line 1308 |Cut Mode|  Elapsed: 00:06:16  Reps:  1  ConsoleMvSpeed 4  FileEndSpeed 1.59    12:35:29  06-25-2015
 File Completed:No  Ln:1308 Max: 14.41, 11.38, 1.00  Min: 0.00, 0.00,- 0.73  Offset:no  Brks=5  TBCs: 23.000, .350, -.020  Props: 1.000, 1.000, 1.000
Last Not Complete Stopped@Line 980 |Cut Mode|  Elapsed: 00:03:23  Reps:  1  ConsoleMvSpeed 4  FileEndSpeed 1.59    12:42:19  06-25-2015
 File Completed:No  Ln:980 Max: 8.59, 11.38, 1.00  Min: 0.00, 0.00,- 0.73  Offset:no  Brks=1  TBCs: 6.248, 12.271, -.020  Props: 1.000, 1.000, 1.000
Last Not Complete Stopped@Line 9 |Cut Mode|  Elapsed: 00:00:35  Reps:  1  ConsoleMvSpeed 4  FileEndSpeed 1.59    12:43:54  06-25-2015
 File Completed:No  Ln:9 Max: 9.05, 0.05, 1.00  Min: 9.05, 0.05, 0.80  Offset:no  Brks=1  TBCs: 6.248, 12.271, -.020  Props: 1.000, 1.000, 1.000
Last Not Complete Stopped@Line 344 |Cut Mode|  Elapsed: 00:01:12  Reps:  1  ConsoleMvSpeed 4  FileEndSpeed 1.59    12:45:54  06-25-2015
 File Completed:No  Ln:344 Max: 6.52, 5.62, 1.00  Min: 0.00, 0.00,- 0.73  Offset:no  Brks=1  TBCs: 14.480, 12.323, -.020  Props: 1.000, 1.000, 1.000
Last Not Complete Stopped@Line 1629 |Cut Mode|  Elapsed: 00:07:22  Reps:  1  ConsoleMvSpeed 4  FileEndSpeed 1.59    14:47:17  06-25-2015
 File Completed:No  Ln:1629 Max: 14.41, 11.38, 1.00  Min: 0.00, 0.00,- 0.73  Offset:no  Brks=5  TBCs: 5.075, 41.324, .000  Props: 1.000, 1.000, 1.000
Last Complete  |Cut Mode|  Elapsed: 00:07:09  Reps:  1  ConsoleMvSpeed 4  FileEndSpeed 1.59    09:47:08  06-26-2015
 File Completed:Yes Ln:2467 Max: 16.48, 11.38, 0.80  Min: 0.00, 0.00,- 0.73  Offset:no  Brks=0  TBCs: 5.000, 8.350, .000  Props: 1.000, 1.000, 1.000
Last Complete  |Cut Mode|  Elapsed: 00:07:25  Reps:  1  ConsoleMvSpeed 4  FileEndSpeed 1.59    09:55:32  06-26-2015
 File Completed:Yes Ln:2467 Max: 16.48, 11.38, 1.00  Min: 0.00, 0.00,- 0.73  Offset:no  Brks=2  TBCs: 5.000, 19.849, -.003  Props: 1.000, 1.000, 1.000
Last Complete  |Cut Mode|  Elapsed: 00:07:11  Reps:  1  ConsoleMvSpeed 4  FileEndSpeed 1.59    10:03:11  06-26-2015
 File Completed:Yes Ln:2467 Max: 16.48, 11.38, 1.00  Min: 0.00, 0.00,- 0.73  Offset:no  Brks=2  TBCs: 21.499, 19.849, -.006  Props: 1.000, 1.000, 1.000
Last Complete  |Cut Mode|  Elapsed: 00:07:15  Reps:  1  ConsoleMvSpeed 4  FileEndSpeed 1.59    10:10:56  06-26-2015
 File Completed:Yes Ln:2467 Max: 16.48, 11.38, 1.00  Min: 0.00, 0.00,- 0.73  Offset:no  Brks=2  TBCs: 21.499, 8.350, -.009  Props: 1.000, 1.000, 1.000
Last Complete  |Cut Mode|  Elapsed: 00:06:43  Reps:  1  ConsoleMvSpeed 4  FileEndSpeed 1.59    10:18:44  06-26-2015
 File Completed:Yes Ln:2467 Max: 16.48, 11.38, 0.80  Min: 0.00, 0.00,- 0.73  Offset:no  Brks=0  TBCs: 37.999, 8.350, -.009  Props: 1.000, 1.000, 1.000
Last Complete  |Cut Mode|  Elapsed: 00:06:46  Reps:  1  ConsoleMvSpeed 4  FileEndSpeed 1.59    10:26:28  06-26-2015
 File Completed:Yes Ln:2467 Max: 16.48, 11.38, 0.80  Min: 0.00, 0.00,- 0.73  Offset:no  Brks=0  TBCs: 37.999, 19.849, -.009  Props: 1.000, 1.000, 1.000
Last Complete  |Cut Mode|  Elapsed: 00:08:52  Reps:  1  ConsoleMvSpeed 4  FileEndSpeed 1.59    10:36:00  06-26-2015
 File Completed:Yes Ln:2467 Max: 16.48, 11.38, 1.00  Min: 0.00, 0.00,- 0.73  Offset:no  Brks=1  TBCs: 54.499, 19.849, -.009  Props: 1.000, 1.000, 1.000
Last Complete  |Cut Mode|  Elapsed: 00:06:42  Reps:  1  ConsoleMvSpeed 4  FileEndSpeed 1.59    10:43:04  06-26-2015
 File Completed:Yes Ln:2467 Max: 16.48, 11.38, 0.80  Min: 0.00, 0.00,- 0.73  Offset:no  Brks=0  TBCs: 54.499, 8.350, -.009  Props: 1.000, 1.000, 1.000
Last Not Complete Stopped@Line 2186 |Cut Mode|  Elapsed: 00:06:01  Reps:  1  ConsoleMvSpeed 4  FileEndSpeed 1.59    10:50:08  06-26-2015
 File Completed:No  Ln:2186 Max: 16.48, 11.38, 1.00  Min: 0.00, 0.00,- 0.73  Offset:no  Brks=1  TBCs: 70.998, 8.350, -.009  Props: 1.000, 1.000, 1.000
Last Not Complete Stopped@Line 1254 |Cut Mode|  Elapsed: 00:03:31  Reps:  1  ConsoleMvSpeed 4  FileEndSpeed 1.59    10:54:27  06-26-2015
 File Completed:No  Ln:1254 Max: 8.59, 11.38, 1.00  Min: 0.00, 0.00,- 0.73  Offset:no  Brks=1  TBCs: 70.998, 19.849, -.009  Props: 1.000, 1.000, 1.000
Last Not Complete Stopped@Line 89 |Cut Mode|  Elapsed: 00:00:40  Reps:  1  ConsoleMvSpeed 4  FileEndSpeed 1.59    10:57:42  06-26-2015
 File Completed:No  Ln:89 Max: 6.52, 5.62, 1.00  Min: 0.00, 0.00,- 0.73  Offset:no  Brks=1  TBCs: 80.998, 24.350, -.009  Props: 1.000, 1.000, 1.000
Last Complete  |Cut Mode|  Elapsed: 00:06:43  Reps:  1  ConsoleMvSpeed 4  FileEndSpeed 1.59    11:05:23  06-26-2015
 File Completed:Yes Ln:2467 Max: 16.48, 11.38, 0.80  Min: 0.00, 0.00,- 0.73  Offset:no  Brks=0  TBCs: 80.998, 24.350, -.009  Props: 1.000, 1.000, 1.000
Last Complete  |Cut Mode|  Elapsed: 00:06:46  Reps:  1  ConsoleMvSpeed 4  FileEndSpeed 1.59    11:25:58  06-26-2015
 File Completed:Yes Ln:2467 Max: 16.48, 11.38, 0.80  Min: 0.00, 0.00,- 0.73  Offset:no  Brks=0  TBCs: 5.000, .350, -.009  Props: 1.000, 1.000, 1.000
Last Complete  |Cut Mode|  Elapsed: 00:06:43  Reps:  1  ConsoleMvSpeed 4  FileEndSpeed 1.59    11:33:51  06-26-2015
 File Completed:Yes Ln:2467 Max: 16.48, 11.38, 0.80  Min: 0.00, 0.00,- 0.73  Offset:no  Brks=0  TBCs: 5.000, 11.849, -.009  Props: 1.000, 1.000, 1.000
Last Complete  |Cut Mode|  Elapsed: 00:07:05  Reps:  1  ConsoleMvSpeed 4  FileEndSpeed 1.59    12:00:06  06-26-2015
 File Completed:Yes Ln:2467 Max: 16.48, 11.38, 1.00  Min: 0.00, 0.00,- 0.73  Offset:no  Brks=1  TBCs: 5.000, .350, -.009  Props: 1.000, 1.000, 1.000
Last Complete  |Cut Mode|  Elapsed: 00:06:43  Reps:  1  ConsoleMvSpeed 4  FileEndSpeed 1.59    12:13:38  06-26-2015
 File Completed:Yes Ln:2467 Max: 16.48, 11.38, 0.80  Min: 0.00, 0.00,- 0.73  Offset:no  Brks=0  TBCs: 5.000, 11.849, .000  Props: 1.000, 1.000, 1.000
Last Not Complete Stopped@Line 980 |Cut Mode|  Elapsed: 00:02:41  Reps:  1  ConsoleMvSpeed 4  FileEndSpeed 1.59    12:16:39  06-26-2015
 File Completed:No  Ln:980 Max: 8.59, 11.38, 1.00  Min: 0.00, 0.00,- 0.73  Offset:no  Brks=1  TBCs: 5.000, 23.349, .000  Props: 1.000, 1.000, 1.000
Last Not Complete Stopped@Line 2382 |Cut Mode|  Elapsed: 00:06:30  Reps:  1  ConsoleMvSpeed 4  FileEndSpeed 1.59    12:23:56  06-26-2015
 File Completed:No  Ln:2382 Max: 16.48, 11.38, 1.00  Min: 0.00, 0.00,- 0.73  Offset:no  Brks=1  TBCs: 21.000, .349, .000  Props: 1.000, 1.000, 1.000
Last Not Complete Stopped@Line 2234 |Cut Mode|  Elapsed: 00:06:44  Reps:  1  ConsoleMvSpeed 4  FileEndSpeed 1.59    12:33:00  06-26-2015
 File Completed:No  Ln:2234 Max: 16.48, 11.38, 1.00  Min: 0.00, 0.00,- 0.73  Offset:no  Brks=2  TBCs: 37.250, .349, .000  Props: 1.000, 1.000, 1.000
Last Not Complete Stopped@Line 2187 |Cut Mode|  Elapsed: 00:06:02  Reps:  1  ConsoleMvSpeed 4  FileEndSpeed 1.59    12:45:14  06-26-2015
 File Completed:No  Ln:2187 Max: 16.48, 11.38, 1.00  Min: 0.00, 0.00,- 0.73  Offset:no  Brks=1  TBCs: 5.000, .850, .000  Props: 1.000, 1.000, 1.000
Last Not Complete Stopped@Line 5 |Cut Mode|  Elapsed: 00:00:02  Reps:  1  ConsoleMvSpeed 4  FileEndSpeed 4    14:02:19  06-26-2015
 File Completed:No  Ln:5 Max: 0.00, 0.00,- 2.00  Min: 0.00, 0.00,- 8.00  Offset:no  Brks=0  TBCs: 5.000, .350, .000  Props: 1.000, 1.000, 1.000
Last Complete  |Cut Mode|  Elapsed: 00:06:43  Reps:  1  ConsoleMvSpeed 4  FileEndSpeed 1.59    14:12:31  06-26-2015
 File Completed:Yes Ln:2467 Max: 16.48, 11.38, 0.80  Min: 0.00, 0.00,- 0.73  Offset:no  Brks=0  TBCs: 5.000, .350, .000  Props: 1.000, 1.000, 1.000
Last Not Complete Stopped@Line 1255 |Cut Mode|  Elapsed: 00:03:30  Reps:  1  ConsoleMvSpeed 4  FileEndSpeed 1.59    14:16:43  06-26-2015
 File Completed:No  Ln:1255 Max: 9.41, 11.38, 1.00  Min: 0.00, 0.00,- 0.73  Offset:no  Brks=1  TBCs: 5.000, 11.350, .000  Props: 1.000, 1.000, 1.000
Last Not Complete Stopped@Line 1026 |Cut Mode|  Elapsed: 00:03:44  Reps:  1  ConsoleMvSpeed 4  FileEndSpeed 1.59    14:21:41  06-26-2015
 File Completed:No  Ln:1026 Max: 8.59, 11.38, 1.00  Min: 0.00, 0.00,- 0.73  Offset:no  Brks=2  TBCs: 21.000, .350, .000  Props: 1.000, 1.000, 1.000
Last Complete  |Cut Mode|  Elapsed: 00:06:51  Reps:  1  ConsoleMvSpeed 4  FileEndSpeed 1.59    14:38:11  06-26-2015
 File Completed:Yes Ln:2467 Max: 16.48, 11.38, 0.80  Min: 0.00, 0.00,- 0.73  Offset:no  Brks=0  TBCs: 5.000, .350, .000  Props: 1.000, 1.000, 1.000
Last Not Complete Stopped@Line 16 |Cut Mode|  Elapsed: 00:00:19  Reps:  1  ConsoleMvSpeed 4  FileEndSpeed 1.59    14:40:59  06-26-2015
 File Completed:No  Ln:16 Max: 17.55, 0.00, 1.00  Min: 0.00, 0.00, 0.80  Offset:no  Brks=1  TBCs: 5.000, .350, .000  Props: 1.000, 1.000, 1.000
Last Not Complete Stopped@Line 2234 |Cut Mode|  Elapsed: 00:07:32  Reps:  1  ConsoleMvSpeed 4  FileEndSpeed 1.59    14:49:32  06-26-2015
 File Completed:No  Ln:2234 Max: 16.48, 11.38, 1.00  Min: 0.00, 0.00,- 0.73  Offset:no  Brks=2  TBCs: 22.286, .350, .000  Props: 1.000, 1.000, 1.000
Last Not Complete Stopped@Line 1971 |Cut Mode|  Elapsed: 00:06:11  Reps:  1  ConsoleMvSpeed 4  FileEndSpeed 1.59    14:59:01  06-26-2015
 File Completed:No  Ln:1971 Max: 16.48, 11.38, 1.00  Min: 0.00, 0.00,- 0.73  Offset:no  Brks=1  TBCs: 5.093, 12.189, .000  Props: 1.000, 1.000, 1.000
Last Not Complete Stopped@Line 2281 |Cut Mode|  Elapsed: 00:02:29  Reps:  1  ConsoleMvSpeed 4  FileEndSpeed 1.59    15:04:04  06-26-2015
 File Completed:No  Ln:2281 Max: 28.31, 11.38, 1.00  Min: 0.00, 0.00,- 0.73  Offset:no  Brks=1  TBCs: 5.093, 12.189, .000  Props: 1.000, 1.000, 1.000
Last Not Complete Stopped@Line 347 |Cut Mode|  Elapsed: 00:01:04  Reps:  1  ConsoleMvSpeed 4  FileEndSpeed 1.59    15:06:16  06-26-2015
 File Completed:No  Ln:347 Max: 6.52, 11.38, 1.00  Min: 0.00, 0.00,- 0.73  Offset:no  Brks=1  TBCs: 22.110, 11.997, .000  Props: 1.000, 1.000, 1.000
Last Not Complete Stopped@Line 345 |Cut Mode|  Elapsed: 00:01:10  Reps:  1  ConsoleMvSpeed 4  FileEndSpeed 1.59    15:09:09  06-26-2015
 File Completed:No  Ln:345 Max: 6.52, 6.38, 1.00  Min: 0.00, 0.00,- 0.73  Offset:no  Brks=1  TBCs: 4.849, 23.305, .000  Props: 1.000, 1.000, 1.000
Last Complete  |Cut Mode|  Elapsed: 00:06:46  Reps:  1  ConsoleMvSpeed 4  FileEndSpeed 1.59    15:24:43  06-26-2015
 File Completed:Yes Ln:2467 Max: 16.48, 11.38, 0.80  Min: 0.00, 0.00,- 0.73  Offset:no  Brks=0  TBCs: 5.000, .350, .000  Props: 1.000, 1.000, 1.000
Last Not Complete Stopped@Line 1239 |Cut Mode|  Elapsed: 00:03:28  Reps:  1  ConsoleMvSpeed 4  FileEndSpeed 1.59    15:28:59  06-26-2015
 File Completed:No  Ln:1239 Max: 8.59, 11.38, 1.00  Min: 0.00, 0.00,- 0.73  Offset:no  Brks=1  TBCs: 21.594, .350, .000  Props: 1.000, 1.000, 1.000
Last Not Complete Stopped@Line 2330 |Cut Mode|  Elapsed: 00:06:19  Reps:  1  ConsoleMvSpeed 4  FileEndSpeed 1.59    15:37:32  06-26-2015
 File Completed:No  Ln:2330 Max: 16.48, 11.38, 1.00  Min: 0.00, 0.00,- 0.73  Offset:no  Brks=1  TBCs: 5.178, 11.707, .000  Props: 1.000, 1.000, 1.000
Last Not Complete Stopped@Line 5 |Cut Mode|  Elapsed: 00:00:09  Reps:  1  ConsoleMvSpeed 4  FileEndSpeed 4    16:18:40  06-26-2015
 File Completed:No  Ln:5 Max: 241.00, 121.00, 16.00  Min:- 120.50,- 60.50,- 8.00  Offset:no  Brks=0  TBCs: 27.635, 27.258, .000  Props: 1.000, 1.000, 1.000
Last Complete  |Cut Mode|  Elapsed: 00:06:47  Reps:  1  ConsoleMvSpeed 4  FileEndSpeed 1.59    16:26:07  06-26-2015
 File Completed:Yes Ln:2467 Max: 16.48, 11.38, 0.80  Min: 0.00, 0.00,- 0.73  Offset:no  Brks=0  TBCs: 27.635, 27.258, .000  Props: 1.000, 1.000, 1.000
Last Complete  |Cut Mode|  Elapsed: 00:06:46  Reps:  1  ConsoleMvSpeed 4  FileEndSpeed 1.59    16:34:12  06-26-2015
 File Completed:Yes Ln:2467 Max: 16.48, 11.38, 0.80  Min: 0.00, 0.00,- 0.73  Offset:no  Brks=0  TBCs: 44.112, 27.258, .000  Props: 1.000, 1.000, 1.000
Last Complete  |Cut Mode|  Elapsed: 00:06:45  Reps:  1  ConsoleMvSpeed 4  FileEndSpeed 1.59    16:46:31  06-26-2015
 File Completed:Yes Ln:2467 Max: 16.48, 11.38, 0.80  Min: 0.00, 0.00,- 0.73  Offset:no  Brks=0  TBCs: 61.462, 22.798, .000  Props: 1.000, 1.000, 1.000
Last Complete  |Cut Mode|  Elapsed: 00:06:43  Reps:  1  ConsoleMvSpeed 4  FileEndSpeed 1.59    16:58:45  06-26-2015
 File Completed:Yes Ln:2467 Max: 16.48, 11.38, 0.80  Min: 0.00, 0.00,- 0.73  Offset:no  Brks=0  TBCs: 5.187, 32.400, .000  Props: 1.000, 1.000, 1.000
