Last Not Complete Stopped@Line 9 |Cut Mode|  Elapsed: 00:00:13  Reps:  1  ConsoleMvSpeed 4  FileEndSpeed 4    15:03:06  06-16-2015
 File Completed:No  Ln:9 Max: 0.00, 0.00, 1.00  Min: 0.00, 0.00, 1.00  Offset:no  Brks=1  TBCs: 16.000, .350, -.008  Props: 1.000, 1.000, 1.000
Last Complete  |Cut Mode|  Elapsed: 00:01:24  Reps:  1  ConsoleMvSpeed 4  FileEndSpeed 1.79    15:04:52  06-16-2015
 File Completed:Yes Ln:230 Max: 5.13, 6.81, 0.80  Min: 0.00, 0.00,- 0.74  Offset:no  Brks=0  TBCs: 16.000, .350, -.008  Props: 1.000, 1.000, 1.000
Last Complete  |Cut Mode|  Elapsed: 00:01:14  Reps:  1  ConsoleMvSpeed 4  FileEndSpeed 1.79    15:07:39  06-16-2015
 File Completed:Yes Ln:230 Max: 5.13, 6.81, 0.80  Min: 0.00, 0.00,- 0.74  Offset:no  Brks=0  TBCs: 22.000, .350, -.008  Props: 1.000, 1.000, 1.000
Last Complete  |Cut Mode|  Elapsed: 00:01:15  Reps:  1  ConsoleMvSpeed 4  FileEndSpeed 1.79    15:09:57  06-16-2015
 File Completed:Yes Ln:230 Max: 5.13, 6.81, 0.80  Min: 0.00, 0.00,- 0.74  Offset:no  Brks=0  TBCs: 27.999, .350, -.008  Props: 1.000, 1.000, 1.000
Last Complete  |Cut Mode|  Elapsed: 00:01:15  Reps:  1  ConsoleMvSpeed 4  FileEndSpeed 1.79    15:12:14  06-16-2015
 File Completed:Yes Ln:230 Max: 5.13, 6.81, 0.80  Min: 0.00, 0.00,- 0.74  Offset:no  Brks=0  TBCs: 15.999, 8.350, -.008  Props: 1.000, 1.000, 1.000
Last Complete  |Cut Mode|  Elapsed: 00:01:17  Reps:  1  ConsoleMvSpeed 4  FileEndSpeed 1.79    15:14:11  06-16-2015
 File Completed:Yes Ln:230 Max: 5.13, 6.81, 0.80  Min: 0.00, 0.00,- 0.74  Offset:no  Brks=0  TBCs: 9.999, 8.350, -.008  Props: 1.000, 1.000, 1.000
Last Complete  |Cut Mode|  Elapsed: 00:01:15  Reps:  1  ConsoleMvSpeed 4  FileEndSpeed 1.79    15:17:14  06-16-2015
 File Completed:Yes Ln:230 Max: 5.13, 6.81, 0.80  Min: 0.00, 0.00,- 0.74  Offset:no  Brks=0  TBCs: 5.729, 16.782, -.008  Props: 1.000, 1.000, 1.000
Last Complete  |Cut Mode|  Elapsed: 00:01:14  Reps:  1  ConsoleMvSpeed 4  FileEndSpeed 1.79    15:19:05  06-16-2015
 File Completed:Yes Ln:230 Max: 5.13, 6.81, 0.80  Min: 0.00, 0.00,- 0.74  Offset:no  Brks=0  TBCs: 11.728, 16.782, -.008  Props: 1.000, 1.000, 1.000
Last Complete  |Cut Mode|  Elapsed: 00:01:41  Reps:  1  ConsoleMvSpeed 4  FileEndSpeed 1.79    15:21:12  06-16-2015
 File Completed:Yes Ln:230 Max: 5.13, 6.81, 0.80  Min: 0.00, 0.00,- 0.74  Offset:no  Brks=0  TBCs: 11.728, 24.782, -.008  Props: 1.000, 1.000, 1.000
Last Complete  |Cut Mode|  Elapsed: 00:01:17  Reps:  1  ConsoleMvSpeed 4  FileEndSpeed 1.79    15:23:04  06-16-2015
 File Completed:Yes Ln:230 Max: 5.13, 6.81, 0.80  Min: 0.00, 0.00,- 0.74  Offset:no  Brks=0  TBCs: 5.728, 24.782, -.008  Props: 1.000, 1.000, 1.000
Last Complete  |Cut Mode|  Elapsed: 00:01:13  Reps:  1  ConsoleMvSpeed 4  FileEndSpeed 1.79    15:29:26  06-16-2015
 File Completed:Yes Ln:230 Max: 5.13, 6.81, 0.80  Min: 0.00, 0.00,- 0.74  Offset:no  Brks=0  TBCs: 35.728, 38.781, -.008  Props: 1.000, 1.000, 1.000
Last Complete  |Cut Mode|  Elapsed: 00:01:16  Reps:  1  ConsoleMvSpeed 4  FileEndSpeed 1.79    15:32:07  06-16-2015
 File Completed:Yes Ln:230 Max: 5.13, 6.81, 0.80  Min: 0.00, 0.00,- 0.74  Offset:no  Brks=0  TBCs: 36.728, 46.532, -.008  Props: 1.000, 1.000, 1.000
Last Complete  |Cut Mode|  Elapsed: 00:01:24  Reps:  1  ConsoleMvSpeed 4  FileEndSpeed 1.79    15:34:59  06-16-2015
 File Completed:Yes Ln:230 Max: 5.13, 6.81, 0.80  Min: 0.00, 0.00,- 0.74  Offset:no  Brks=0  TBCs: 31.227, 46.532, -.008  Props: 1.000, 1.000, 1.000
Last Complete  |Cut Mode|  Elapsed: 00:01:21  Reps:  1  ConsoleMvSpeed 4  FileEndSpeed 1.79    15:38:41  06-16-2015
 File Completed:Yes Ln:230 Max: 5.13, 6.81, 0.80  Min: 0.00, 0.00,- 0.74  Offset:no  Brks=0  TBCs: 25.727, 53.782, -.008  Props: 1.000, 1.000, 1.000
Last Complete  |Cut Mode|  Elapsed: 00:01:17  Reps:  1  ConsoleMvSpeed 4  FileEndSpeed 1.79    15:42:42  06-16-2015
 File Completed:Yes Ln:230 Max: 5.13, 6.81, 0.80  Min: 0.00, 0.00,- 0.74  Offset:no  Brks=0  TBCs: 31.227, 53.782, -.008  Props: 1.000, 1.000, 1.000
Last Complete  |Cut Mode|  Elapsed: 00:01:14  Reps:  1  ConsoleMvSpeed 4  FileEndSpeed 1.79    15:47:25  06-16-2015
 File Completed:Yes Ln:230 Max: 5.13, 6.81, 0.80  Min: 0.00, 0.00,- 0.74  Offset:no  Brks=0  TBCs: 59.954, .695, -.008  Props: 1.000, 1.000, 1.000
Last Complete  |Cut Mode|  Elapsed: 00:01:33  Reps:  1  ConsoleMvSpeed 4  FileEndSpeed 1.79    15:49:19  06-16-2015
 File Completed:Yes Ln:230 Max: 5.13, 6.81, 0.80  Min: 0.00, 0.00,- 0.74  Offset:no  Brks=0  TBCs: 65.454, .695, -.008  Props: 1.000, 1.000, 1.000
Last Complete  |Cut Mode|  Elapsed: 00:01:15  Reps:  1  ConsoleMvSpeed 4  FileEndSpeed 1.79    15:51:05  06-16-2015
 File Completed:Yes Ln:230 Max: 5.13, 6.81, 0.80  Min: 0.00, 0.00,- 0.74  Offset:no  Brks=0  TBCs: 70.954, .695, -.008  Props: 1.000, 1.000, 1.000
Last Complete  |Cut Mode|  Elapsed: 00:01:15  Reps:  1  ConsoleMvSpeed 4  FileEndSpeed 1.79    15:52:50  06-16-2015
 File Completed:Yes Ln:230 Max: 5.13, 6.81, 0.80  Min: 0.00, 0.00,- 0.74  Offset:no  Brks=0  TBCs: 76.455, .695, -.008  Props: 1.000, 1.000, 1.000
Last Complete  |Cut Mode|  Elapsed: 00:01:12  Reps:  1  ConsoleMvSpeed 4  FileEndSpeed 1.79    15:56:15  06-16-2015
 File Completed:Yes Ln:230 Max: 5.13, 6.81, 0.80  Min: 0.00, 0.00,- 0.74  Offset:no  Brks=0  TBCs: 81.955, .695, -.008  Props: 1.000, 1.000, 1.000
Last Complete  |Cut Mode|  Elapsed: 00:01:14  Reps:  1  ConsoleMvSpeed 4  FileEndSpeed 1.79    15:58:59  06-16-2015
 File Completed:Yes Ln:230 Max: 5.13, 6.81, 0.80  Min: 0.00, 0.00,- 0.74  Offset:no  Brks=0  TBCs: 87.455, .695, -.008  Props: 1.000, 1.000, 1.000
Last Complete  |Cut Mode|  Elapsed: 00:01:15  Reps:  1  ConsoleMvSpeed 4  FileEndSpeed 1.79    16:00:30  06-16-2015
 File Completed:Yes Ln:230 Max: 5.13, 6.81, 0.80  Min: 0.00, 0.00,- 0.74  Offset:no  Brks=0  TBCs: 92.955, .695, -.008  Props: 1.000, 1.000, 1.000
Last Complete  |Cut Mode|  Elapsed: 00:01:07  Reps:  1  ConsoleMvSpeed 4  FileEndSpeed 1.79    16:02:10  06-16-2015
 File Completed:Yes Ln:230 Max: 5.13, 6.81, 0.80  Min: 0.00, 0.00,- 0.74  Offset:no  Brks=0  TBCs: 98.455, .695, -.008  Props: 1.000, 1.000, 1.000
Last Complete  |Cut Mode|  Elapsed: 00:01:36  Reps:  1  ConsoleMvSpeed 4  FileEndSpeed 1.79    16:04:56  06-16-2015
 File Completed:Yes Ln:230 Max: 5.13, 6.81, 0.80  Min: 0.00, 0.00,- 0.74  Offset:no  Brks=0  TBCs: 100.455, 8.195, -.008  Props: 1.000, 1.000, 1.000
Last Complete  |Cut Mode|  Elapsed: 00:01:11  Reps:  1  ConsoleMvSpeed 4  FileEndSpeed 1.79    16:06:23  06-16-2015
 File Completed:Yes Ln:230 Max: 5.13, 6.81, 0.80  Min: 0.00, 0.00,- 0.74  Offset:no  Brks=0  TBCs: 94.955, 8.195, -.008  Props: 1.000, 1.000, 1.000
Last Complete  |Cut Mode|  Elapsed: 00:01:09  Reps:  1  ConsoleMvSpeed 4  FileEndSpeed 1.79    16:09:36  06-16-2015
 File Completed:Yes Ln:230 Max: 5.13, 6.81, 0.80  Min: 0.00, 0.00,- 0.74  Offset:no  Brks=0  TBCs: 58.592, 8.195, -.008  Props: 1.000, 1.000, 1.000
Last Complete  |Cut Mode|  Elapsed: 00:01:11  Reps:  1  ConsoleMvSpeed 4  FileEndSpeed 1.79    16:11:10  06-16-2015
 File Completed:Yes Ln:230 Max: 5.13, 6.81, 0.80  Min: 0.00, 0.00,- 0.74  Offset:no  Brks=0  TBCs: 64.092, 8.195, -.008  Props: 1.000, 1.000, 1.000
Last Complete  |Cut Mode|  Elapsed: 00:01:10  Reps:  1  ConsoleMvSpeed 4  FileEndSpeed 1.79    16:12:34  06-16-2015
 File Completed:Yes Ln:230 Max: 5.13, 6.81, 0.80  Min: 0.00, 0.00,- 0.74  Offset:no  Brks=0  TBCs: 69.593, 8.195, -.008  Props: 1.000, 1.000, 1.000
Last Complete  |Cut Mode|  Elapsed: 00:01:10  Reps:  1  ConsoleMvSpeed 4  FileEndSpeed 1.79    16:13:58  06-16-2015
 File Completed:Yes Ln:230 Max: 5.13, 6.81, 0.80  Min: 0.00, 0.00,- 0.74  Offset:no  Brks=0  TBCs: 75.093, 8.195, -.008  Props: 1.000, 1.000, 1.000
Last Complete  |Cut Mode|  Elapsed: 00:01:13  Reps:  1  ConsoleMvSpeed 4  FileEndSpeed 1.79    16:16:14  06-16-2015
 File Completed:Yes Ln:230 Max: 5.13, 6.81, 0.80  Min: 0.00, 0.00,- 0.74  Offset:no  Brks=0  TBCs: 86.750, 8.195, -.008  Props: 1.000, 1.000, 1.000
Last Complete  |Cut Mode|  Elapsed: 00:01:11  Reps:  1  ConsoleMvSpeed 4  FileEndSpeed 1.79    16:18:09  06-16-2015
 File Completed:Yes Ln:230 Max: 5.13, 6.81, 0.80  Min: 0.00, 0.00,- 0.74  Offset:no  Brks=0  TBCs: 60.022, 15.448, -.008  Props: 1.000, 1.000, 1.000
Last Complete  |Cut Mode|  Elapsed: 00:01:11  Reps:  1  ConsoleMvSpeed 4  FileEndSpeed 1.79    16:19:36  06-16-2015
 File Completed:Yes Ln:230 Max: 5.13, 6.81, 0.80  Min: 0.00, 0.00,- 0.74  Offset:no  Brks=0  TBCs: 65.522, 15.448, -.008  Props: 1.000, 1.000, 1.000
Last Complete  |Cut Mode|  Elapsed: 00:01:12  Reps:  1  ConsoleMvSpeed 4  FileEndSpeed 1.79    16:21:18  06-16-2015
 File Completed:Yes Ln:230 Max: 5.13, 6.81, 0.80  Min: 0.00, 0.00,- 0.74  Offset:no  Brks=0  TBCs: 60.022, 22.948, -.008  Props: 1.000, 1.000, 1.000
