Last Not Complete Stopped@Line 10531 |Cut Mode|  Elapsed: 00:46:57  Reps:  1  ConsoleMvSpeed 4  FileEndSpeed 1.49    14:37:25  06-25-2015
 File Completed:No  Ln:10531 Max: 94.09, 23.12, 1.00  Min: 0.00, 0.00,- 0.75  Offset:no  Brks=9  TBCs: 5.000, .350, .000  Props: 1.000, 1.000, 1.000
Last Not Complete Stopped@Line 523 |Cut Mode|  Elapsed: 00:01:27  Reps:  1  ConsoleMvSpeed 4  FileEndSpeed 1.49    11:07:41  06-26-2015
 File Completed:No  Ln:523 Max: 6.09, 7.62, 1.00  Min: 0.00, 0.00,- 0.75  Offset:no  Brks=1  TBCs: 87.998, 8.350, -.009  Props: 1.000, 1.000, 1.000
Last Not Complete Stopped@Line 16 |Cut Mode|  Elapsed: 00:00:17  Reps:  1  ConsoleMvSpeed 4  FileEndSpeed 1.49    11:34:30  06-26-2015
 File Completed:No  Ln:16 Max: 0.00, 11.00, 1.00  Min: 0.00, 0.00, 0.80  Offset:no  Brks=1  TBCs: 5.000, 11.849, -.009  Props: 1.000, 1.000, 1.000
Last Not Complete Stopped@Line 660 |Cut Mode|  Elapsed: 00:01:39  Reps:  1  ConsoleMvSpeed 4  FileEndSpeed 1.49    11:36:38  06-26-2015
 File Completed:No  Ln:660 Max: 11.59, 7.62, 1.00  Min: 0.00, 0.00,- 0.75  Offset:no  Brks=1  TBCs: 5.000, 22.850, -.009  Props: 1.000, 1.000, 1.000
Last Not Complete Stopped@Line 609 |Cut Mode|  Elapsed: 00:01:28  Reps:  1  ConsoleMvSpeed 4  FileEndSpeed 1.49    11:40:07  06-26-2015
 File Completed:No  Ln:609 Max: 11.59, 7.62, 1.00  Min: 0.00, 0.00,- 0.75  Offset:no  Brks=1  TBCs: 21.499, 11.849, -.009  Props: 1.000, 1.000, 1.000
Last Not Complete Stopped@Line 1031 |Cut Mode|  Elapsed: 00:02:35  Reps:  1  ConsoleMvSpeed 4  FileEndSpeed 1.49    11:44:24  06-26-2015
 File Completed:No  Ln:1031 Max: 11.59, 7.62, 1.00  Min: 0.00, 0.00,- 0.75  Offset:no  Brks=1  TBCs: 20.999, 19.349, -.009  Props: 1.000, 1.000, 1.000
Last Not Complete Stopped@Line 523 |Cut Mode|  Elapsed: 00:01:26  Reps:  1  ConsoleMvSpeed 4  FileEndSpeed 1.49    11:46:27  06-26-2015
 File Completed:No  Ln:523 Max: 6.09, 7.62, 1.00  Min: 0.00, 0.00,- 0.75  Offset:no  Brks=1  TBCs: 20.999, -.151, -.009  Props: 1.000, 1.000, 1.000
Last Not Complete Stopped@Line 18304 |Cut Mode|  Elapsed: 00:44:32  Reps:  1  ConsoleMvSpeed 4  FileEndSpeed 1.49    18:24:03  06-27-2015
 File Completed:No  Ln:18304 Max: 94.09, 23.12, 1.00  Min: 0.00, 0.00,- 0.75  Offset:no  Brks=1  TBCs: 5.000, .350, .000  Props: 1.000, 1.000, 1.000
Last Not Complete Stopped@Line 18304 |Cut Mode|  Elapsed: 00:02:24  Reps:  1  ConsoleMvSpeed 4  FileEndSpeed 1.49    18:34:58  06-27-2015
 File Completed:No  Ln:18304 Max: 94.09, 23.12, 1.00  Min: 0.00, 0.00,- 0.75  Offset:no  Brks=2  TBCs: 5.000, .350, .000  Props: 1.000, 1.000, 1.000
Last Not Complete Stopped@Line 128 |Cut Mode|  Elapsed: 00:00:30  Reps:  1  ConsoleMvSpeed 4  FileEndSpeed 1.49    18:37:29  06-27-2015
 File Completed:No  Ln:128 Max: 6.09, 7.62, 1.00  Min: 0.00, 0.00,- 0.75  Offset:no  Brks=1  TBCs: 5.000, .350, .000  Props: 1.000, 1.000, 1.000
Last Complete  |Cut Mode|  Elapsed: 00:35:49  Reps:  1  ConsoleMvSpeed 4  FileEndSpeed 1.69    19:13:28  06-27-2015
 File Completed:Yes Ln:33900 Max: 94.09, 30.62, 1.00  Min: 0.00, 0.00,- 0.75  Offset:no  Brks=0  TBCs: 5.000, .350, .000  Props: 1.000, 1.000, 1.000
Last Not Complete Stopped@Line 9134 |Cut Mode|  Elapsed: 00:21:49  Reps:  1  ConsoleMvSpeed 4  FileEndSpeed 1.49    19:35:49  06-27-2015
 File Completed:No  Ln:9134 Max: 94.09, 23.12, 1.00  Min: 0.00, 0.00,- 0.75  Offset:no  Brks=1  TBCs: 5.000, 30.850, .000  Props: 1.000, 1.000, 1.000
Last Not Complete Stopped@Line 8092 |Cut Mode|  Elapsed: 00:19:16  Reps:  1  ConsoleMvSpeed 4  FileEndSpeed 1.49    19:55:41  06-27-2015
 File Completed:No  Ln:8092 Max: 88.59, 7.62, 1.00  Min: 0.00, 0.00,- 0.75  Offset:no  Brks=1  TBCs: 5.000, 38.349, .000  Props: 1.000, 1.000, 1.000
