Last Complete  |Cut Mode|  Elapsed: 00:03:04  Reps:  1  ConsoleMvSpeed 4  FileEndSpeed 1.49    12:53:34  06-16-2015
 File Completed:Yes Ln:1830 Max: 10.79, 7.12, 0.80  Min: 0.00, 0.00,- 0.73  Offset:no  Brks=0  TBCs: 5.000, .350, .000  Props: 1.000, 1.000, 1.000
Last Complete  |Cut Mode|  Elapsed: 00:03:02  Reps:  1  ConsoleMvSpeed 4  FileEndSpeed 1.49    12:57:10  06-16-2015
 File Completed:Yes Ln:1830 Max: 10.79, 7.12, 0.80  Min: 0.00, 0.00,- 0.73  Offset:no  Brks=0  TBCs: 5.000, 8.350, .000  Props: 1.000, 1.000, 1.000
Last Complete  |Cut Mode|  Elapsed: 00:02:58  Reps:  1  ConsoleMvSpeed 4  FileEndSpeed 1.49    13:02:10  06-16-2015
 File Completed:Yes Ln:1830 Max: 10.79, 7.12, 0.80  Min: 0.00, 0.00,- 0.73  Offset:no  Brks=0  TBCs: 87.000, 8.350, .000  Props: 1.000, 1.000, 1.000
Last Complete  |Cut Mode|  Elapsed: 00:02:59  Reps:  1  ConsoleMvSpeed 4  FileEndSpeed 1.49    13:05:42  06-16-2015
 File Completed:Yes Ln:1830 Max: 10.79, 7.12, 0.80  Min: 0.00, 0.00,- 0.73  Offset:no  Brks=0  TBCs: 87.000, .350, .000  Props: 1.000, 1.000, 1.000
Last Not Complete Stopped@Line 5 |Cut Mode|  Elapsed: 00:00:38  Reps:  1  ConsoleMvSpeed 4  FileEndSpeed 4    14:36:16  06-16-2015
 File Completed:No  Ln:5 Max: 7.61, 7.67, 1.00  Min: 7.61, 7.67,- 7.74  Offset:no  Brks=0  TBCs: 5.000, .350, .000  Props: 1.000, 1.000, 1.000
Last Complete  |Cut Mode|  Elapsed: 00:08:31  Reps:  1  ConsoleMvSpeed 4  FileEndSpeed 1.49    14:45:37  06-16-2015
 File Completed:Yes Ln:1830 Max: 10.79, 7.67, 1.00  Min: 0.00, 0.00,- 0.73  Offset:no  Brks=3  TBCs: 5.000, .350, -.008  Props: 1.000, 1.000, 1.000
Last Not Complete Stopped@Line 210 |Cut Mode|  Elapsed: 00:02:14  Reps:  1  ConsoleMvSpeed 4  FileEndSpeed 1.49    09:43:01  06-19-2015
 File Completed:No  Ln:210 Max: 24.00, 10.00, 1.00  Min: 0.00, 0.00,- 0.73  Offset:no  Brks=3  TBCs: 5.000, .350, .000  Props: 1.000, 1.000, 1.000
Last Complete  |Cut Mode|  Elapsed: 00:04:00  Reps:  1  ConsoleMvSpeed 4  FileEndSpeed 1.49    09:48:11  06-19-2015
 File Completed:Yes Ln:1830 Max: 24.00, 7.12, 1.00  Min: 0.00, 0.00,- 0.73  Offset:no  Brks=2  TBCs: 5.000, .350, -.007  Props: 1.000, 1.000, 1.000
Last Complete  |Cut Mode|  Elapsed: 00:02:56  Reps:  1  ConsoleMvSpeed 4  FileEndSpeed 1.49    09:51:49  06-19-2015
 File Completed:Yes Ln:1830 Max: 10.79, 7.12, 0.80  Min: 0.00, 0.00,- 0.73  Offset:no  Brks=0  TBCs: 15.500, .350, -.007  Props: 1.000, 1.000, 1.000
Last Complete  |Cut Mode|  Elapsed: 00:02:55  Reps:  1  ConsoleMvSpeed 4  FileEndSpeed 1.49    09:55:06  06-19-2015
 File Completed:Yes Ln:1830 Max: 10.79, 7.12, 0.80  Min: 0.00, 0.00,- 0.73  Offset:no  Brks=0  TBCs: 26.250, .350, -.007  Props: 1.000, 1.000, 1.000
Last Complete  |Cut Mode|  Elapsed: 00:02:55  Reps:  1  ConsoleMvSpeed 4  FileEndSpeed 1.49    09:59:39  06-19-2015
 File Completed:Yes Ln:1830 Max: 10.79, 7.12, 0.80  Min: 0.00, 0.00,- 0.73  Offset:no  Brks=0  TBCs: 36.999, .350, -.007  Props: 1.000, 1.000, 1.000
Last Complete  |Cut Mode|  Elapsed: 00:02:58  Reps:  1  ConsoleMvSpeed 4  FileEndSpeed 1.49    10:04:30  06-19-2015
 File Completed:Yes Ln:1830 Max: 10.79, 7.12, 0.80  Min: 0.00, 0.00,- 0.73  Offset:no  Brks=0  TBCs: 5.000, 8.850, -.007  Props: 1.000, 1.000, 1.000
